<?xml version="1.0" encoding="UTF-8"?>
<testng-results skipped="0" failed="1" total="3" passed="2">
  <reporter-output>
  </reporter-output>
  <suite name="Default suite" duration-ms="25479" started-at="2021-01-24T05:52:16Z" finished-at="2021-01-24T05:52:42Z">
    <groups>
    </groups>
    <test name="Default test" duration-ms="25479" started-at="2021-01-24T05:52:16Z" finished-at="2021-01-24T05:52:42Z">
      <class name="com.wallethub.testcases.FaceBookLoginPageTest">
        <test-method status="PASS" signature="setUp()[pri:0, instance:com.wallethub.testcases.FaceBookLoginPageTest@26653222]" name="setUp" is-config="true" duration-ms="11335" started-at="2021-01-24T11:22:16Z" finished-at="2021-01-24T11:22:28Z">
          <reporter-output>
          </reporter-output>
        </test-method> <!-- setUp -->
        <test-method status="PASS" signature="facebookLoginTest(java.lang.String, java.lang.String)[pri:0, instance:com.wallethub.testcases.FaceBookLoginPageTest@26653222]" name="facebookLoginTest" duration-ms="6900" started-at="2021-01-24T11:22:28Z" data-provider="getDataFromExcel" finished-at="2021-01-24T11:22:35Z">
          <params>
            <param index="0">
              <value>
                <![CDATA[8.369425638E9]]>
              </value>
            </param>
            <param index="1">
              <value>
                <![CDATA[himavijayan]]>
              </value>
            </param>
          </params>
          <reporter-output>
          </reporter-output>
        </test-method> <!-- facebookLoginTest -->
        <test-method status="PASS" signature="facebookLoginTest(java.lang.String, java.lang.String)[pri:0, instance:com.wallethub.testcases.FaceBookLoginPageTest@26653222]" name="facebookLoginTest" duration-ms="5747" started-at="2021-01-24T11:22:35Z" data-provider="getDataFromExcel" finished-at="2021-01-24T11:22:41Z">
          <params>
            <param index="0">
              <value>
                <![CDATA[tejasmjethva@gmail.com]]>
              </value>
            </param>
            <param index="1">
              <value>
                <![CDATA[tejassss]]>
              </value>
            </param>
          </params>
          <reporter-output>
          </reporter-output>
        </test-method> <!-- facebookLoginTest -->
        <test-method status="FAIL" signature="verifyFacebookTitleTest()[pri:0, instance:com.wallethub.testcases.FaceBookLoginPageTest@26653222]" name="verifyFacebookTitleTest" duration-ms="33" started-at="2021-01-24T11:22:41Z" depends-on-methods="com.wallethub.testcases.FaceBookLoginPageTest.facebookLoginTest" finished-at="2021-01-24T11:22:41Z">
          <exception class="java.lang.AssertionError">
            <message>
              <![CDATA[expected [Facebook] but found [Log in to Facebook]]]>
            </message>
            <full-stacktrace>
              <![CDATA[java.lang.AssertionError: expected [Facebook] but found [Log in to Facebook]
	at org.testng.Assert.fail(Assert.java:94)
	at org.testng.Assert.failNotEquals(Assert.java:494)
	at org.testng.Assert.assertEquals(Assert.java:123)
	at org.testng.Assert.assertEquals(Assert.java:176)
	at org.testng.Assert.assertEquals(Assert.java:186)
	at com.wallethub.testcases.FaceBookLoginPageTest.verifyFacebookTitleTest(FaceBookLoginPageTest.java:49)
	at sun.reflect.NativeMethodAccessorImpl.invoke0(Native Method)
	at sun.reflect.NativeMethodAccessorImpl.invoke(Unknown Source)
	at sun.reflect.DelegatingMethodAccessorImpl.invoke(Unknown Source)
	at java.lang.reflect.Method.invoke(Unknown Source)
	at org.testng.internal.MethodInvocationHelper.invokeMethod(MethodInvocationHelper.java:80)
	at org.testng.internal.Invoker.invokeMethod(Invoker.java:714)
	at org.testng.internal.Invoker.invokeTestMethod(Invoker.java:901)
	at org.testng.internal.Invoker.invokeTestMethods(Invoker.java:1231)
	at org.testng.internal.TestMethodWorker.invokeTestMethods(TestMethodWorker.java:127)
	at org.testng.internal.TestMethodWorker.run(TestMethodWorker.java:111)
	at org.testng.TestRunner.privateRun(TestRunner.java:767)
	at org.testng.TestRunner.run(TestRunner.java:617)
	at org.testng.SuiteRunner.runTest(SuiteRunner.java:334)
	at org.testng.SuiteRunner.runSequentially(SuiteRunner.java:329)
	at org.testng.SuiteRunner.privateRun(SuiteRunner.java:291)
	at org.testng.SuiteRunner.run(SuiteRunner.java:240)
	at org.testng.SuiteRunnerWorker.runSuite(SuiteRunnerWorker.java:52)
	at org.testng.SuiteRunnerWorker.run(SuiteRunnerWorker.java:86)
	at org.testng.TestNG.runSuitesSequentially(TestNG.java:1198)
	at org.testng.TestNG.runSuitesLocally(TestNG.java:1123)
	at org.testng.TestNG.run(TestNG.java:1031)
	at org.testng.remote.AbstractRemoteTestNG.run(AbstractRemoteTestNG.java:132)
	at org.testng.remote.RemoteTestNG.initAndRun(RemoteTestNG.java:230)
	at org.testng.remote.RemoteTestNG.main(RemoteTestNG.java:76)
]]>
            </full-stacktrace>
          </exception> <!-- java.lang.AssertionError -->
          <reporter-output>
          </reporter-output>
        </test-method> <!-- verifyFacebookTitleTest -->
        <test-method status="PASS" signature="tearDown()[pri:0, instance:com.wallethub.testcases.FaceBookLoginPageTest@26653222]" name="tearDown" is-config="true" duration-ms="887" started-at="2021-01-24T11:22:41Z" finished-at="2021-01-24T11:22:42Z">
          <reporter-output>
          </reporter-output>
        </test-method> <!-- tearDown -->
      </class> <!-- com.wallethub.testcases.FaceBookLoginPageTest -->
    </test> <!-- Default test -->
  </suite> <!-- Default suite -->
</testng-results>
