<?xml version="1.0" encoding="UTF-8"?>
<!-- Generated by org.testng.reporters.JUnitXMLReporter -->
<testsuite hostname="WKWIN6647704" name="Wallethub Automation Cases" tests="1" failures="1" timestamp="21 Jan 2021 12:34:56 GMT" time="60.866" errors="0">
  <testcase name="testProfilePage" time="21.892" classname="com.wallethub.testcases.WalletHubComfirmationPageTest">
    <failure type="java.lang.AssertionError" message="expected [himajethva&amp;apos;s Recommendations] but found [tejasmjethva0501&amp;apos;s Recommendations]">
      <![CDATA[java.lang.AssertionError: expected [himajethva's Recommendations] but found [tejasmjethva0501's Recommendations]
	at com.wallethub.testcases.WalletHubComfirmationPageTest.testProfilePage(WalletHubComfirmationPageTest.java:53)
... Removed 29 stack frames]]>
    </failure>
  </testcase> <!-- testProfilePage -->
</testsuite> <!-- Wallethub Automation Cases -->
